<?xml version="1.0" encoding="UTF-8"?>
<!-- Generated by org.testng.reporters.JUnitXMLReporter -->
<testsuite hostname="TYSS-4F-003" name="Default test" tests="1" failures="0" timestamp="11 Aug 2017 11:08:33 GMT" time="0.019" errors="0">
  <testcase name="@BeforeSuite initClass" time="0.0" classname="com.flipkart.tests.LoginTest">
    <failure type="java.lang.NullPointerException">
      <![CDATA[java.lang.NullPointerException
	at com.flipkart.utils.DriverUtils.getDriver(DriverUtils.java:17)
	at com.flipkart.tests.InitializeTest.initClass(InitializeTest.java:31)
	at sun.reflect.NativeMethodAccessorImpl.invoke0(Native Method)
	at sun.reflect.NativeMethodAccessorImpl.invoke(Unknown Source)
	at sun.reflect.DelegatingMethodAccessorImpl.invoke(Unknown Source)
	at java.lang.reflect.Method.invoke(Unknown Source)
	at org.testng.internal.MethodInvocationHelper.invokeMethod(MethodInvocationHelper.java:85)
	at org.testng.internal.Invoker.invokeConfigurationMethod(Invoker.java:510)
	at org.testng.internal.Invoker.invokeConfigurations(Invoker.java:211)
	at org.testng.internal.Invoker.invokeConfigurations(Invoker.java:138)
	at org.testng.SuiteRunner.privateRun(SuiteRunner.java:298)
	at org.testng.SuiteRunner.run(SuiteRunner.java:261)
	at org.testng.SuiteRunnerWorker.runSuite(SuiteRunnerWorker.java:52)
	at org.testng.SuiteRunnerWorker.run(SuiteRunnerWorker.java:86)
	at org.testng.TestNG.runSuitesSequentially(TestNG.java:1215)
	at org.testng.TestNG.runSuitesLocally(TestNG.java:1140)
	at org.testng.TestNG.run(TestNG.java:1048)
	at org.testng.remote.AbstractRemoteTestNG.run(AbstractRemoteTestNG.java:132)
	at org.testng.remote.RemoteTestNG.initAndRun(RemoteTestNG.java:230)
	at org.testng.remote.RemoteTestNG.main(RemoteTestNG.java:76)
]]>
    </failure>
  </testcase> <!-- @BeforeSuite initClass -->
  <testcase name="@BeforeTest initTest" time="0.0" classname="com.flipkart.tests.LoginTest">
    <skipped/>
  </testcase> <!-- @BeforeTest initTest -->
  <testcase name="@AfterTest afterTest" time="0.0" classname="com.flipkart.tests.LoginTest">
    <skipped/>
  </testcase> <!-- @AfterTest afterTest -->
  <testcase name="searchBasedOnMenu" time="0.001" classname="com.flipkart.tests.LoginTest">
    <skipped/>
  </testcase> <!-- searchBasedOnMenu -->
</testsuite> <!-- Default test -->
