<?xml version="1.0" encoding="UTF-8"?>
<!-- Generated by org.testng.reporters.JUnitXMLReporter -->
<testsuite hostname="TYSS-4F-003" name="Test" tests="3" failures="3" timestamp="14 Aug 2017 06:24:17 GMT" time="88.661" errors="0">
  <testcase name="@AfterTest afterTest" time="0.0" classname="com.flipkart.tests.SearchPageTest">
    <failure type="java.lang.IllegalArgumentException" message="wrong number of arguments">
      <![CDATA[java.lang.IllegalArgumentException: wrong number of arguments
... Removed 22 stack frames]]>
    </failure>
  </testcase> <!-- @AfterTest afterTest -->
  <testcase name="searchBasedOnMenu" time="10.461" classname="com.flipkart.tests.SearchPageTest">
    <failure type="java.lang.IllegalArgumentException" message="Cannot find elements when the XPath expression is null.">
      <![CDATA[java.lang.IllegalArgumentException: Cannot find elements when the XPath expression is null.
	at org.openqa.selenium.By.xpath(By.java:113)
	at com.flipkart.utils.WebDriverCommonLib.findXpath(WebDriverCommonLib.java:55)
	at com.flipkart.businessComponents.HomePageBusinessFlow.clickTopMenuLenovoMobiles(HomePageBusinessFlow.java:75)
	at com.flipkart.tests.SearchPageTest.searchBasedOnMenu(SearchPageTest.java:46)
... Removed 24 stack frames]]>
    </failure>
  </testcase> <!-- searchBasedOnMenu -->
  <testcase name="searchBoxAutoSuggest" time="77.671" classname="com.flipkart.tests.SearchPageTest">
    <failure type="java.lang.IllegalArgumentException" message="Cannot find elements when the XPath expression is null.">
      <![CDATA[java.lang.IllegalArgumentException: Cannot find elements when the XPath expression is null.
	at org.openqa.selenium.By.xpath(By.java:113)
	at com.flipkart.utils.WebDriverCommonLib.findXpath(WebDriverCommonLib.java:55)
	at com.flipkart.businessComponents.HomePageBusinessFlow.searchResultNumber(HomePageBusinessFlow.java:51)
	at com.flipkart.tests.SearchPageTest.searchBoxAutoSuggest(SearchPageTest.java:31)
... Removed 24 stack frames]]>
    </failure>
  </testcase> <!-- searchBoxAutoSuggest -->
  <testcase name="searchBoxUser" time="0.341" classname="com.flipkart.tests.SearchPageTest">
    <failure type="java.lang.IllegalArgumentException" message="Cannot find elements when the XPath expression is null.">
      <![CDATA[java.lang.IllegalArgumentException: Cannot find elements when the XPath expression is null.
	at org.openqa.selenium.By.xpath(By.java:113)
	at com.flipkart.utils.WebDriverCommonLib.findXpath(WebDriverCommonLib.java:55)
	at com.flipkart.businessComponents.HomePageBusinessFlow.searchResultNumber(HomePageBusinessFlow.java:51)
	at com.flipkart.businessComponents.HomePageBusinessFlow.searchProductManually(HomePageBusinessFlow.java:35)
	at com.flipkart.tests.SearchPageTest.searchBoxUser(SearchPageTest.java:23)
... Removed 24 stack frames]]>
    </failure>
  </testcase> <!-- searchBoxUser -->
</testsuite> <!-- Test -->
